<?xml version="1.0" encoding="utf-8"?><testsuites name="pytest tests"><testsuite name="pytest" errors="0" failures="1" skipped="0" tests="30" time="5.662" timestamp="2026-06-03T13:05:33.218435+00:00" hostname="agent-env-5a2af8e5-c0e7-40ef-b069-8ebe6a373d10"><testcase classname="backend.tests.test_e2e_iter13.TestAuth" name="test_login_valid" time="0.464" /><testcase classname="backend.tests.test_e2e_iter13.TestAuth" name="test_login_invalid" time="0.056" /><testcase classname="backend.tests.test_e2e_iter13.TestAuth" name="test_register_new_user" time="0.282" /><testcase classname="backend.tests.test_e2e_iter13.TestAuth" name="test_me_with_token" time="0.327" /><testcase classname="backend.tests.test_e2e_iter13.TestAuth" name="test_logout" time="0.067" /><testcase classname="backend.tests.test_e2e_iter13.TestForgotPassword" name="test_forgot_existing" time="0.279" /><testcase classname="backend.tests.test_e2e_iter13.TestForgotPassword" name="test_forgot_unknown_no_enum" time="0.050" /><testcase classname="backend.tests.test_e2e_iter13.TestForgotPassword" name="test_reset_invalid_token" time="0.051" /><testcase classname="backend.tests.test_e2e_iter13.TestDashboard" name="test_stats" time="0.068" /><testcase classname="backend.tests.test_e2e_iter13.TestDashboard" name="test_tasks_list" time="0.054" /><testcase classname="backend.tests.test_e2e_iter13.TestDashboard" name="test_reminders_list" time="0.063" /><testcase classname="backend.tests.test_e2e_iter13.TestDashboard" name="test_conversations_list" time="0.050" /><testcase classname="backend.tests.test_e2e_iter13.TestTasks" name="test_create" time="0.054" /><testcase classname="backend.tests.test_e2e_iter13.TestTasks" name="test_get_persisted" time="0.060" /><testcase classname="backend.tests.test_e2e_iter13.TestTasks" name="test_update_complete" time="0.058" /><testcase classname="backend.tests.test_e2e_iter13.TestTasks" name="test_delete" time="0.054" /><testcase classname="backend.tests.test_e2e_iter13.TestCalendar" name="test_events_list" time="0.054" /><testcase classname="backend.tests.test_e2e_iter13.TestThawani" name="test_config" time="0.050" /><testcase classname="backend.tests.test_e2e_iter13.TestThawani" name="test_create_session_pro_monthly" time="1.379" /><testcase classname="backend.tests.test_e2e_iter13.TestWhatsAppCloudWebhook" name="test_verify_correct_token" time="0.052" /><testcase classname="backend.tests.test_e2e_iter13.TestWhatsAppCloudWebhook" name="test_verify_wrong_token" time="0.050" /><testcase classname="backend.tests.test_e2e_iter13.TestChat" name="test_send_arabic_message" time="1.220"><failure message="assert ('response' in {'content': 'تم إضافة تذكير بالاتصال بأحمد غدًا الساعة 3.\n\n#x1F514 **Reminder set**: &quot;اتصل بأحمد بكرا الساعة 3&quot; - Jun 03, 2026 at 02:05 PM', 'conversation_id': 'conv_ef93a27a72f8', 'created_at': '2026-06-03T13:05:38.133707Z', 'message_id': 'msg_35c2001599aa', ...} or 'message' in {'content': 'تم إضافة تذكير بالاتصال بأحمد غدًا الساعة 3.\n\n#x1F514 **Reminder set**: &quot;اتصل بأحمد بكرا الساعة 3&quot; - Jun 03, 2026 at 02:05 PM', 'conversation_id': 'conv_ef93a27a72f8', 'created_at': '2026-06-03T13:05:38.133707Z', 'message_id': 'msg_35c2001599aa', ...} or 'reply' in {'content': 'تم إضافة تذكير بالاتصال بأحمد غدًا الساعة 3.\n\n#x1F514 **Reminder set**: &quot;اتصل بأحمد بكرا الساعة 3&quot; - Jun 03, 2026 at 02:05 PM', 'conversation_id': 'conv_ef93a27a72f8', 'created_at': '2026-06-03T13:05:38.133707Z', 'message_id': 'msg_35c2001599aa', ...})">backend/tests/test_e2e_iter13.py:205: in test_send_arabic_message
    assert "response" in d or "message" in d or "reply" in d
E   assert ('response' in {'content': 'تم إضافة تذكير بالاتصال بأحمد غدًا الساعة 3.\n\n#x1F514 **Reminder set**: "اتصل بأحمد بكرا الساعة 3" - Jun 03, 2026 at 02:05 PM', 'conversation_id': 'conv_ef93a27a72f8', 'created_at': '2026-06-03T13:05:38.133707Z', 'message_id': 'msg_35c2001599aa', ...} or 'message' in {'content': 'تم إضافة تذكير بالاتصال بأحمد غدًا الساعة 3.\n\n#x1F514 **Reminder set**: "اتصل بأحمد بكرا الساعة 3" - Jun 03, 2026 at 02:05 PM', 'conversation_id': 'conv_ef93a27a72f8', 'created_at': '2026-06-03T13:05:38.133707Z', 'message_id': 'msg_35c2001599aa', ...} or 'reply' in {'content': 'تم إضافة تذكير بالاتصال بأحمد غدًا الساعة 3.\n\n#x1F514 **Reminder set**: "اتصل بأحمد بكرا الساعة 3" - Jun 03, 2026 at 02:05 PM', 'conversation_id': 'conv_ef93a27a72f8', 'created_at': '2026-06-03T13:05:38.133707Z', 'message_id': 'msg_35c2001599aa', ...})</failure></testcase><testcase classname="backend.tests.test_e2e_iter13.TestProfile" name="test_update_profile" time="0.050" /><testcase classname="backend.tests.test_e2e_iter13.TestAdmin" name="test_overview" time="0.327" /><testcase classname="backend.tests.test_e2e_iter13.TestAdmin" name="test_users" time="0.051" /><testcase classname="backend.tests.test_e2e_iter13.TestAdmin" name="test_billing" time="0.057" /><testcase classname="backend.tests.test_e2e_iter13.TestAdmin" name="test_analytics" time="0.060" /><testcase classname="backend.tests.test_e2e_iter13.TestAdmin" name="test_usage" time="0.058" /><testcase classname="backend.tests.test_e2e_iter13.TestSecurity" name="test_protected_no_auth" time="0.048" /><testcase classname="backend.tests.test_e2e_iter13.TestSecurity" name="test_admin_as_demo" time="0.057" /></testsuite></testsuites>