<?xml version="1.0" encoding="utf-8"?><testsuites name="pytest tests"><testsuite name="pytest" errors="0" failures="0" skipped="0" tests="10" time="4.640" timestamp="2026-06-03T15:01:55.261795+00:00" hostname="agent-env-5a2af8e5-c0e7-40ef-b069-8ebe6a373d10"><testcase classname="backend.tests.test_iter15_audit_calendar.TestAuditLogs" name="test_list_default" time="0.606" /><testcase classname="backend.tests.test_iter15_audit_calendar.TestAuditLogs" name="test_filter_by_action" time="0.144" /><testcase classname="backend.tests.test_iter15_audit_calendar.TestAuditLogs" name="test_search_filter" time="0.123" /><testcase classname="backend.tests.test_iter15_audit_calendar.TestAuditLogs" name="test_date_range_filter" time="0.309" /><testcase classname="backend.tests.test_iter15_audit_calendar.TestAuditLogs" name="test_export_csv" time="0.115" /><testcase classname="backend.tests.test_iter15_audit_calendar.TestAuditLogs" name="test_export_csv_with_filter" time="0.133" /><testcase classname="backend.tests.test_iter15_audit_calendar.TestAuditLogs" name="test_unauthorized" time="0.126" /><testcase classname="backend.tests.test_iter15_audit_calendar.TestTeamCalendar" name="test_calendar_default" time="0.119" /><testcase classname="backend.tests.test_iter15_audit_calendar.TestTeamCalendar" name="test_calendar_with_range" time="2.769" /><testcase classname="backend.tests.test_iter15_audit_calendar.TestTeamCalendar" name="test_calendar_unauth" time="0.133" /></testsuite></testsuites>