<?xml version="1.0" encoding="utf-8"?><testsuites name="pytest tests"><testsuite name="pytest" errors="0" failures="0" skipped="0" tests="12" time="6.355" timestamp="2026-03-30T10:59:21.747399+00:00" hostname="agent-env-5a2af8e5-c0e7-40ef-b069-8ebe6a373d10"><testcase classname="backend.tests.test_whatsapp_stripe.TestHealthEndpoints" name="test_api_health" time="0.224" /><testcase classname="backend.tests.test_whatsapp_stripe.TestHealthEndpoints" name="test_api_root" time="0.115" /><testcase classname="backend.tests.test_whatsapp_stripe.TestAuthentication" name="test_login_with_test_credentials" time="0.333" /><testcase classname="backend.tests.test_whatsapp_stripe.TestSubscriptionPlans" name="test_get_subscription_plans" time="0.108" /><testcase classname="backend.tests.test_whatsapp_stripe.TestSubscriptionStatus" name="test_get_subscription_status" time="0.451" /><testcase classname="backend.tests.test_whatsapp_stripe.TestStripeCheckout" name="test_create_checkout_session_pro" time="0.969" /><testcase classname="backend.tests.test_whatsapp_stripe.TestStripeCheckout" name="test_create_checkout_session_business" time="0.835" /><testcase classname="backend.tests.test_whatsapp_stripe.TestStripeCheckout" name="test_checkout_free_plan_rejected" time="0.431" /><testcase classname="backend.tests.test_whatsapp_stripe.TestStripeCheckout" name="test_checkout_invalid_plan_rejected" time="0.447" /><testcase classname="backend.tests.test_whatsapp_stripe.TestWhatsAppStatus" name="test_whatsapp_status" time="0.447" /><testcase classname="backend.tests.test_whatsapp_stripe.TestWhatsAppQR" name="test_whatsapp_qr" time="0.446" /><testcase classname="backend.tests.test_whatsapp_stripe.TestWhatsAppConnect" name="test_whatsapp_connect" time="1.463" /></testsuite></testsuites>