<?xml version="1.0" encoding="utf-8"?><testsuites name="pytest tests"><testsuite name="pytest" errors="0" failures="1" skipped="0" tests="15" time="2.015" timestamp="2026-04-22T21:13:34.246370+00:00" hostname="agent-env-5a2af8e5-c0e7-40ef-b069-8ebe6a373d10"><testcase classname="backend.tests.test_refactor_iteration11.TestHealth" name="test_health" time="0.235" /><testcase classname="backend.tests.test_refactor_iteration11.TestHealth" name="test_subscription_plans_public" time="0.049" /><testcase classname="backend.tests.test_refactor_iteration11.TestAuth" name="test_login_returns_access_token" time="0.275" /><testcase classname="backend.tests.test_refactor_iteration11.TestAuth" name="test_login_invalid_credentials" time="0.050" /><testcase classname="backend.tests.test_refactor_iteration11.TestAuth" name="test_me_endpoint" time="0.328" /><testcase classname="backend.tests.test_refactor_iteration11.TestTasks" name="test_list_tasks" time="0.051" /><testcase classname="backend.tests.test_refactor_iteration11.TestTasks" name="test_create_and_get_task" time="0.248" /><testcase classname="backend.tests.test_refactor_iteration11.TestTasks" name="test_tasks_requires_auth" time="0.046" /><testcase classname="backend.tests.test_refactor_iteration11.TestReminders" name="test_list_reminders" time="0.045" /><testcase classname="backend.tests.test_refactor_iteration11.TestMisc" name="test_stats_overview" time="0.054" /><testcase classname="backend.tests.test_refactor_iteration11.TestMisc" name="test_notifications" time="0.064" /><testcase classname="backend.tests.test_refactor_iteration11.TestEmail" name="test_email_preferences" time="0.052" /><testcase classname="backend.tests.test_refactor_iteration11.TestAdmin" name="test_admin_overview" time="0.322" /><testcase classname="backend.tests.test_refactor_iteration11.TestAdmin" name="test_admin_overview_forbidden_for_regular" time="0.053" /><testcase classname="backend.tests.test_refactor_iteration11.TestChatGuest" name="test_guest_chat_endpoint_exists" time="0.049"><failure message="assert 404 != 404&#10; +  where 404 = &lt;Response [404]&gt;.status_code">backend/tests/test_refactor_iteration11.py:171: in test_guest_chat_endpoint_exists
    assert r.status_code != 404
E   assert 404 != 404
E    +  where 404 = &lt;Response [404]&gt;.status_code</failure></testcase></testsuite></testsuites>