<?xml version="1.0" encoding="utf-8"?><testsuites name="pytest tests"><testsuite name="pytest" errors="0" failures="0" skipped="0" tests="11" time="4.666" timestamp="2026-04-22T20:47:26.749039+00:00" hostname="agent-env-5a2af8e5-c0e7-40ef-b069-8ebe6a373d10"><testcase classname="backend.tests.test_p2_features.TestCSVExport" name="test_export_tasks_csv_format" time="0.440" /><testcase classname="backend.tests.test_p2_features.TestCSVExport" name="test_export_reminders_csv_format" time="0.405" /><testcase classname="backend.tests.test_p2_features.TestCSVExport" name="test_export_conversations_csv_format" time="0.413" /><testcase classname="backend.tests.test_p2_features.TestCSVExport" name="test_export_all_csv_format" time="0.414" /><testcase classname="backend.tests.test_p2_features.TestCSVExport" name="test_export_tasks_json_backwards_compatible" time="0.373" /><testcase classname="backend.tests.test_p2_features.TestCSVExport" name="test_export_tasks_default_format_is_json" time="0.392" /><testcase classname="backend.tests.test_p2_features.TestEmailConfigEndpoints" name="test_get_email_config_admin_access" time="0.405" /><testcase classname="backend.tests.test_p2_features.TestEmailConfigEndpoints" name="test_get_email_config_non_admin_forbidden" time="0.493" /><testcase classname="backend.tests.test_p2_features.TestEmailConfigEndpoints" name="test_post_email_config_admin_access" time="0.454" /><testcase classname="backend.tests.test_p2_features.TestEmailConfigEndpoints" name="test_post_email_config_non_admin_forbidden" time="0.384" /><testcase classname="backend.tests.test_p2_features.TestExportWithData" name="test_csv_export_contains_data" time="0.415" /></testsuite></testsuites>