<?xml version="1.0" encoding="utf-8"?><testsuites name="pytest tests"><testsuite name="pytest" errors="0" failures="0" skipped="0" tests="13" time="22.152" timestamp="2026-03-30T13:35:24.631569+00:00" hostname="agent-env-5a2af8e5-c0e7-40ef-b069-8ebe6a373d10"><testcase classname="backend.tests.test_new_features.TestGuestChat" name="test_guest_chat_basic_english" time="2.559" /><testcase classname="backend.tests.test_new_features.TestGuestChat" name="test_guest_chat_arabic_response" time="2.803" /><testcase classname="backend.tests.test_new_features.TestGuestChat" name="test_guest_chat_with_session_id" time="3.777" /><testcase classname="backend.tests.test_new_features.TestGuestChat" name="test_guest_chat_no_auth_required" time="3.187" /><testcase classname="backend.tests.test_new_features.TestWhatsAppAI" name="test_whatsapp_ai_basic" time="2.194" /><testcase classname="backend.tests.test_new_features.TestWhatsAppAI" name="test_whatsapp_ai_arabic_response" time="2.263" /><testcase classname="backend.tests.test_new_features.TestWhatsAppAI" name="test_whatsapp_ai_no_auth_required" time="2.077" /><testcase classname="backend.tests.test_new_features.TestWhatsAppAI" name="test_whatsapp_ai_message_logged" time="1.549" /><testcase classname="backend.tests.test_new_features.TestExistingEndpoints" name="test_health_endpoint" time="0.109" /><testcase classname="backend.tests.test_new_features.TestExistingEndpoints" name="test_subscription_plans" time="0.146" /><testcase classname="backend.tests.test_new_features.TestExistingEndpoints" name="test_login_endpoint" time="0.351" /><testcase classname="backend.tests.test_new_features.TestWhatsAppProxy" name="test_whatsapp_status" time="0.496" /><testcase classname="backend.tests.test_new_features.TestWhatsAppProxy" name="test_whatsapp_qr" time="0.468" /></testsuite></testsuites>