<?xml version="1.0" encoding="utf-8"?><testsuites name="pytest tests"><testsuite name="pytest" errors="0" failures="0" skipped="0" tests="11" time="6.747" timestamp="2026-03-30T15:12:47.619821+00:00" hostname="agent-env-5a2af8e5-c0e7-40ef-b069-8ebe6a373d10"><testcase classname="backend.tests.test_batch5_features.TestHealthAndBasics" name="test_health_endpoint" time="0.259" /><testcase classname="backend.tests.test_batch5_features.TestHealthAndBasics" name="test_root_endpoint" time="0.109" /><testcase classname="backend.tests.test_batch5_features.TestAuthentication" name="test_login_success" time="0.346" /><testcase classname="backend.tests.test_batch5_features.TestAuthentication" name="test_login_invalid_credentials" time="0.118" /><testcase classname="backend.tests.test_batch5_features.TestDataExportEndpoints" name="test_export_tasks" time="0.452" /><testcase classname="backend.tests.test_batch5_features.TestDataExportEndpoints" name="test_export_reminders" time="0.469" /><testcase classname="backend.tests.test_batch5_features.TestDataExportEndpoints" name="test_export_conversations" time="0.449" /><testcase classname="backend.tests.test_batch5_features.TestDataExportEndpoints" name="test_export_all" time="0.443" /><testcase classname="backend.tests.test_batch5_features.TestDataExportEndpoints" name="test_export_requires_auth" time="0.517" /><testcase classname="backend.tests.test_batch5_features.TestSubscriptionPlans" name="test_get_plans" time="0.112" /><testcase classname="backend.tests.test_batch5_features.TestGuestChat" name="test_guest_chat_works" time="3.334" /></testsuite></testsuites>