<?xml version="1.0" encoding="utf-8"?><testsuites name="pytest tests"><testsuite name="pytest" errors="0" failures="0" skipped="0" tests="16" time="4.945" timestamp="2026-03-30T17:16:06.278038+00:00" hostname="agent-env-5a2af8e5-c0e7-40ef-b069-8ebe6a373d10"><testcase classname="backend.tests.test_admin_dashboard.TestAdminAuth" name="test_admin_login" time="0.362" /><testcase classname="backend.tests.test_admin_dashboard.TestAdminOverview" name="test_overview_returns_stats" time="0.487" /><testcase classname="backend.tests.test_admin_dashboard.TestAdminUsers" name="test_list_users" time="0.471" /><testcase classname="backend.tests.test_admin_dashboard.TestAdminUsers" name="test_list_users_with_search" time="0.155" /><testcase classname="backend.tests.test_admin_dashboard.TestAdminUsers" name="test_list_users_with_plan_filter" time="0.134" /><testcase classname="backend.tests.test_admin_dashboard.TestAdminUsers" name="test_get_user_detail" time="0.257" /><testcase classname="backend.tests.test_admin_dashboard.TestAdminAnalytics" name="test_signup_trends" time="0.487" /><testcase classname="backend.tests.test_admin_dashboard.TestAdminAnalytics" name="test_activity_trends" time="0.107" /><testcase classname="backend.tests.test_admin_dashboard.TestAdminAnalytics" name="test_country_stats" time="0.119" /><testcase classname="backend.tests.test_admin_dashboard.TestAdminBilling" name="test_list_payments" time="0.488" /><testcase classname="backend.tests.test_admin_dashboard.TestAdminBilling" name="test_list_payments_with_status_filter" time="0.125" /><testcase classname="backend.tests.test_admin_dashboard.TestAdminBilling" name="test_revenue_chart" time="0.121" /><testcase classname="backend.tests.test_admin_dashboard.TestAdminSystem" name="test_system_health" time="0.510" /><testcase classname="backend.tests.test_admin_dashboard.TestAdminAuditLogs" name="test_list_audit_logs" time="0.471" /><testcase classname="backend.tests.test_admin_dashboard.TestAdminRoles" name="test_get_roles" time="0.447" /><testcase classname="backend.tests.test_admin_dashboard.TestNonAdminAccess" name="test_unauthenticated_access_denied" time="0.135" /></testsuite></testsuites>