<?xml version="1.0" encoding="utf-8"?><testsuites name="pytest tests"><testsuite name="pytest" errors="0" failures="0" skipped="0" tests="10" time="1.356" timestamp="2026-04-24T16:58:40.756958+00:00" hostname="agent-env-5a2af8e5-c0e7-40ef-b069-8ebe6a373d10"><testcase classname="backend.tests.test_google_calendar.TestRegression" name="test_login_ok" time="0.482" /><testcase classname="backend.tests.test_google_calendar.TestRegression" name="test_tasks_list_with_auth" time="0.055" /><testcase classname="backend.tests.test_google_calendar.TestRegression" name="test_local_calendar_events" time="0.051" /><testcase classname="backend.tests.test_google_calendar.TestGoogleCalendar" name="test_status_returns_connected_false_when_not_connected" time="0.107" /><testcase classname="backend.tests.test_google_calendar.TestGoogleCalendar" name="test_connect_returns_authorization_url" time="0.082" /><testcase classname="backend.tests.test_google_calendar.TestGoogleCalendar" name="test_disconnect_returns_message" time="0.049" /><testcase classname="backend.tests.test_google_calendar.TestGoogleCalendar" name="test_events_returns_400_when_not_connected" time="0.101" /><testcase classname="backend.tests.test_google_calendar.TestGoogleCalendar" name="test_sync_pull_returns_400_when_not_connected" time="0.099" /><testcase classname="backend.tests.test_google_calendar.TestGoogleCalendar" name="test_sync_push_returns_400_when_not_connected" time="0.105" /><testcase classname="backend.tests.test_google_calendar.TestGoogleCalendar" name="test_status_requires_auth" time="0.147" /></testsuite></testsuites>