<?xml version="1.0" encoding="utf-8"?><testsuites name="pytest tests"><testsuite name="pytest" errors="0" failures="0" skipped="0" tests="16" time="8.249" timestamp="2026-03-30T15:29:49.643071+00:00" hostname="agent-env-5a2af8e5-c0e7-40ef-b069-8ebe6a373d10"><testcase classname="backend.tests.test_email_digest.TestEmailDigestFeature" name="test_get_email_preferences_returns_defaults" time="0.513" /><testcase classname="backend.tests.test_email_digest.TestEmailDigestFeature" name="test_get_email_preferences_requires_auth" time="0.469" /><testcase classname="backend.tests.test_email_digest.TestEmailDigestFeature" name="test_update_email_preferences_weekly_digest_off" time="0.482" /><testcase classname="backend.tests.test_email_digest.TestEmailDigestFeature" name="test_update_email_preferences_reminder_alerts_off" time="0.542" /><testcase classname="backend.tests.test_email_digest.TestEmailDigestFeature" name="test_update_email_preferences_both_on" time="0.390" /><testcase classname="backend.tests.test_email_digest.TestEmailDigestFeature" name="test_update_email_preferences_requires_auth" time="0.500" /><testcase classname="backend.tests.test_email_digest.TestEmailDigestFeature" name="test_preview_digest_returns_html" time="0.455" /><testcase classname="backend.tests.test_email_digest.TestEmailDigestFeature" name="test_preview_digest_contains_user_stats" time="0.403" /><testcase classname="backend.tests.test_email_digest.TestEmailDigestFeature" name="test_preview_digest_requires_auth" time="0.497" /><testcase classname="backend.tests.test_email_digest.TestEmailDigestFeature" name="test_send_digest_graceful_error_no_api_key" time="0.423" /><testcase classname="backend.tests.test_email_digest.TestEmailDigestFeature" name="test_send_digest_requires_auth" time="0.465" /><testcase classname="backend.tests.test_email_digest.TestExistingFeaturesRegression" name="test_health_endpoint" time="0.115" /><testcase classname="backend.tests.test_email_digest.TestExistingFeaturesRegression" name="test_login_endpoint" time="0.386" /><testcase classname="backend.tests.test_email_digest.TestExistingFeaturesRegression" name="test_subscription_plans_endpoint" time="0.116" /><testcase classname="backend.tests.test_email_digest.TestExistingFeaturesRegression" name="test_export_endpoints_require_auth" time="0.285" /><testcase classname="backend.tests.test_email_digest.TestExistingFeaturesRegression" name="test_guest_chat_works" time="2.118" /></testsuite></testsuites>