<?xml version="1.0" encoding="utf-8"?><testsuites name="pytest tests"><testsuite name="pytest" errors="0" failures="0" skipped="0" tests="22" time="9.796" timestamp="2026-03-31T14:27:41.145366+00:00" hostname="agent-env-5a2af8e5-c0e7-40ef-b069-8ebe6a373d10"><testcase classname="backend.tests.test_teams.TestTeamAuth" name="test_business_user_login" time="0.432" /><testcase classname="backend.tests.test_teams.TestTeamAuth" name="test_free_user_login" time="0.329" /><testcase classname="backend.tests.test_teams.TestTeamAuth" name="test_unauthenticated_team_access" time="0.140" /><testcase classname="backend.tests.test_teams.TestTeamCRUD" name="test_get_my_team" time="0.387" /><testcase classname="backend.tests.test_teams.TestTeamCRUD" name="test_free_user_cannot_create_team" time="0.786" /><testcase classname="backend.tests.test_teams.TestTeamInvitations" name="test_get_invitations" time="0.407" /><testcase classname="backend.tests.test_teams.TestTeamInvitations" name="test_invite_member_requires_team" time="0.439" /><testcase classname="backend.tests.test_teams.TestTeamTasks" name="test_get_team_tasks" time="0.420" /><testcase classname="backend.tests.test_teams.TestTeamTasks" name="test_create_team_task" time="0.524" /><testcase classname="backend.tests.test_teams.TestTeamTasks" name="test_update_team_task" time="0.440" /><testcase classname="backend.tests.test_teams.TestTeamTasks" name="test_delete_team_task" time="0.605" /><testcase classname="backend.tests.test_teams.TestTeamReminders" name="test_get_team_reminders" time="0.391" /><testcase classname="backend.tests.test_teams.TestTeamReminders" name="test_create_team_reminder" time="0.464" /><testcase classname="backend.tests.test_teams.TestTeamReminders" name="test_delete_team_reminder" time="0.485" /><testcase classname="backend.tests.test_teams.TestTeamChat" name="test_get_team_messages" time="0.371" /><testcase classname="backend.tests.test_teams.TestTeamChat" name="test_send_team_message" time="0.478" /><testcase classname="backend.tests.test_teams.TestTeamAnalytics" name="test_get_team_analytics" time="0.379" /><testcase classname="backend.tests.test_teams.TestTeamMemberManagement" name="test_cannot_remove_self" time="0.504" /><testcase classname="backend.tests.test_teams.TestTeamMemberManagement" name="test_role_change_requires_owner" time="0.400" /><testcase classname="backend.tests.test_teams.TestNonTeamMemberAccess" name="test_non_member_cannot_access_tasks" time="0.418" /><testcase classname="backend.tests.test_teams.TestNonTeamMemberAccess" name="test_non_member_cannot_access_messages" time="0.436" /><testcase classname="backend.tests.test_teams.TestNonTeamMemberAccess" name="test_non_member_cannot_access_analytics" time="0.460" /></testsuite></testsuites>